# JRE version: Java(TM) SE Runtime Environment (8.0_101-b13) (build 1.8.0_101-b13)
# Java VM: Java HotSpot(TM) 64-Bit Server VM (25.101-b13 mixed mode windows-amd64 compressed oops)
Heap:
 PSYoungGen      total 402432K, used 385137K [0x00000000e0000000, 0x0000000100000000, 0x0000000100000000)
  eden space 299008K, 100% used [0x00000000e0000000,0x00000000f2400000,0x00000000f2400000)
  from space 103424K, 83% used [0x00000000f9b00000,0x00000000fef1c4a8,0x0000000100000000)
  to   space 112640K, 71% used [0x00000000f2400000,0x00000000f72ae128,0x00000000f9200000)
 ParOldGen       total 293376K, used 122875K [0x00000000a0000000, 0x00000000b1e80000, 0x00000000e0000000)
  object space 293376K, 41% used [0x00000000a0000000,0x00000000a77fec78,0x00000000b1e80000)
 Metaspace       used 105789K, capacity 112992K, committed 113176K, reserved 1146880K
  class space    used 13839K, capacity 15364K, committed 15384K, reserved 1048576K
GC Heap History (10 events):
Event: 529.520 GC heap after
Heap after GC invocations=28 (full 3):
 PSYoungGen      total 373760K, used 57949K [0x00000000e0000000, 0x00000000fe300000, 0x0000000100000000)
  eden space 297472K, 0% used [0x00000000e0000000,0x00000000e0000000,0x00000000f2280000)
  from space 76288K, 75% used [0x00000000f2280000,0x00000000f5b17630,0x00000000f6d00000)
  to   space 80896K, 0% used [0x00000000f9400000,0x00000000f9400000,0x00000000fe300000)
 ParOldGen       total 171008K, used 114093K [0x00000000a0000000, 0x00000000aa700000, 0x00000000e0000000)
  object space 171008K, 66% used [0x00000000a0000000,0x00000000a6f6b5d8,0x00000000aa700000)
 Metaspace       used 91943K, capacity 98484K, committed 98584K, reserved 1134592K
  class space    used 12180K, capacity 13568K, committed 13592K, reserved 1048576K
}
Event: 529.520 GC heap before
{Heap before GC invocations=29 (full 4):
 PSYoungGen      total 373760K, used 57949K [0x00000000e0000000, 0x00000000fe300000, 0x0000000100000000)
  eden space 297472K, 0% used [0x00000000e0000000,0x00000000e0000000,0x00000000f2280000)
  from space 76288K, 75% used [0x00000000f2280000,0x00000000f5b17630,0x00000000f6d00000)
  to   space 80896K, 0% used [0x00000000f9400000,0x00000000f9400000,0x00000000fe300000)
 ParOldGen       total 171008K, used 114093K [0x00000000a0000000, 0x00000000aa700000, 0x00000000e0000000)
  object space 171008K, 66% used [0x00000000a0000000,0x00000000a6f6b5d8,0x00000000aa700000)
 Metaspace       used 91943K, capacity 98484K, committed 98584K, reserved 1134592K
  class space    used 12180K, capacity 13568K, committed 13592K, reserved 1048576K
Event: 529.804 GC heap after
Heap after GC invocations=29 (full 4):
 PSYoungGen      total 373760K, used 0K [0x00000000e0000000, 0x00000000fe300000, 0x0000000100000000)
  eden space 297472K, 0% used [0x00000000e0000000,0x00000000e0000000,0x00000000f2280000)
  from space 76288K, 0% used [0x00000000f2280000,0x00000000f2280000,0x00000000f6d00000)
  to   space 80896K, 0% used [0x00000000f9400000,0x00000000f9400000,0x00000000fe300000)
 ParOldGen       total 293376K, used 118298K [0x00000000a0000000, 0x00000000b1e80000, 0x00000000e0000000)
  object space 293376K, 40% used [0x00000000a0000000,0x00000000a7386b30,0x00000000b1e80000)
 Metaspace       used 91900K, capacity 98366K, committed 98584K, reserved 1134592K
  class space    used 12166K, capacity 13552K, committed 13592K, reserved 1048576K
}
Event: 532.571 GC heap before
{Heap before GC invocations=30 (full 4):
 PSYoungGen      total 373760K, used 297472K [0x00000000e0000000, 0x00000000fe300000, 0x0000000100000000)
  eden space 297472K, 100% used [0x00000000e0000000,0x00000000f2280000,0x00000000f2280000)
  from space 76288K, 0% used [0x00000000f2280000,0x00000000f2280000,0x00000000f6d00000)
  to   space 80896K, 0% used [0x00000000f9400000,0x00000000f9400000,0x00000000fe300000)
 ParOldGen       total 293376K, used 118298K [0x00000000a0000000, 0x00000000b1e80000, 0x00000000e0000000)
  object space 293376K, 40% used [0x00000000a0000000,0x00000000a7386b30,0x00000000b1e80000)
 Metaspace       used 99992K, capacity 106620K, committed 106904K, reserved 1142784K
  class space    used 13037K, capacity 14429K, committed 14488K, reserved 1048576K
Event: 532.639 GC heap after
Heap after GC invocations=30 (full 4):
 PSYoungGen      total 400384K, used 80867K [0x00000000e0000000, 0x0000000100000000, 0x0000000100000000)
  eden space 319488K, 0% used [0x00000000e0000000,0x00000000e0000000,0x00000000f3800000)
  from space 80896K, 99% used [0x00000000f9400000,0x00000000fe2f8ca8,0x00000000fe300000)
  to   space 94208K, 0% used [0x00000000f3800000,0x00000000f3800000,0x00000000f9400000)
 ParOldGen       total 293376K, used 122576K [0x00000000a0000000, 0x00000000b1e80000, 0x00000000e0000000)
  object space 293376K, 41% used [0x00000000a0000000,0x00000000a77b4010,0x00000000b1e80000)
 Metaspace       used 99992K, capacity 106620K, committed 106904K, reserved 1142784K
  class space    used 13037K, capacity 14429K, committed 14488K, reserved 1048576K
}
Event: 533.588 GC heap before
{Heap before GC invocations=31 (full 4):
 PSYoungGen      total 400384K, used 397335K [0x00000000e0000000, 0x0000000100000000, 0x0000000100000000)
  eden space 319488K, 99% used [0x00000000e0000000,0x00000000f350d160,0x00000000f3800000)
  from space 80896K, 99% used [0x00000000f9400000,0x00000000fe2f8ca8,0x00000000fe300000)
  to   space 94208K, 0% used [0x00000000f3800000,0x00000000f3800000,0x00000000f9400000)
 ParOldGen       total 293376K, used 122576K [0x00000000a0000000, 0x00000000b1e80000, 0x00000000e0000000)
  object space 293376K, 41% used [0x00000000a0000000,0x00000000a77b4010,0x00000000b1e80000)
 Metaspace       used 101357K, capacity 108056K, committed 108184K, reserved 1142784K
  class space    used 13209K, capacity 14619K, committed 14744K, reserved 1048576K
Event: 533.626 GC heap after
Heap after GC invocations=31 (full 4):
 PSYoungGen      total 413696K, used 79873K [0x00000000e0000000, 0x0000000100000000, 0x0000000100000000)
  eden space 319488K, 0% used [0x00000000e0000000,0x00000000e0000000,0x00000000f3800000)
  from space 94208K, 84% used [0x00000000f3800000,0x00000000f8600660,0x00000000f9400000)
  to   space 103424K, 0% used [0x00000000f9b00000,0x00000000f9b00000,0x0000000100000000)
 ParOldGen       total 293376K, used 122840K [0x00000000a0000000, 0x00000000b1e80000, 0x00000000e0000000)
  object space 293376K, 41% used [0x00000000a0000000,0x00000000a77f6028,0x00000000b1e80000)
 Metaspace       used 101357K, capacity 108056K, committed 108184K, reserved 1142784K
  class space    used 13209K, capacity 14619K, committed 14744K, reserved 1048576K
}
Event: 534.037 GC heap before
{Heap before GC invocations=32 (full 4):
 PSYoungGen      total 413696K, used 398868K [0x00000000e0000000, 0x0000000100000000, 0x0000000100000000)
  eden space 319488K, 99% used [0x00000000e0000000,0x00000000f3784b70,0x00000000f3800000)
  from space 94208K, 84% used [0x00000000f3800000,0x00000000f8600660,0x00000000f9400000)
  to   space 103424K, 0% used [0x00000000f9b00000,0x00000000f9b00000,0x0000000100000000)
 ParOldGen       total 293376K, used 122840K [0x00000000a0000000, 0x00000000b1e80000, 0x00000000e0000000)
  object space 293376K, 41% used [0x00000000a0000000,0x00000000a77f6028,0x00000000b1e80000)
 Metaspace       used 102280K, capacity 108998K, committed 109336K, reserved 1144832K
  class space    used 13358K, capacity 14772K, committed 14872K, reserved 1048576K
Event: 534.072 GC heap after
Heap after GC invocations=32 (full 4):
 PSYoungGen      total 402432K, used 86129K [0x00000000e0000000, 0x0000000100000000, 0x0000000100000000)
  eden space 299008K, 0% used [0x00000000e0000000,0x00000000e0000000,0x00000000f2400000)
  from space 103424K, 83% used [0x00000000f9b00000,0x00000000fef1c4a8,0x0000000100000000)
  to   space 112640K, 0% used [0x00000000f2400000,0x00000000f2400000,0x00000000f9200000)
 ParOldGen       total 293376K, used 122848K [0x00000000a0000000, 0x00000000b1e80000, 0x00000000e0000000)
  object space 293376K, 41% used [0x00000000a0000000,0x00000000a77f8028,0x00000000b1e80000)
 Metaspace       used 102280K, capacity 108998K, committed 109336K, reserved 1144832K
  class space    used 13358K, capacity 14772K, committed 14872K, reserved 1048576K
}
Event: 1213.723 GC heap before
{Heap before GC invocations=33 (full 4):
 PSYoungGen      total 402432K, used 385137K [0x00000000e0000000, 0x0000000100000000, 0x0000000100000000)
  eden space 299008K, 100% used [0x00000000e0000000,0x00000000f2400000,0x00000000f2400000)
  from space 103424K, 83% used [0x00000000f9b00000,0x00000000fef1c4a8,0x0000000100000000)
  to   space 112640K, 0% used [0x00000000f2400000,0x00000000f2400000,0x00000000f9200000)
 ParOldGen       total 293376K, used 122848K [0x00000000a0000000, 0x00000000b1e80000, 0x00000000e0000000)
  object space 293376K, 41% used [0x00000000a0000000,0x00000000a77f8028,0x00000000b1e80000)
 Metaspace       used 105789K, capacity 112992K, committed 113176K, reserved 1146880K
  class space    used 13839K, capacity 15364K, committed 15384K, reserved 1048576K

